  CharcoCOVID.cpp
  Charcos.cpp
  COVID.cpp
C:\Users\Silvia\Downloads\XtremETSIDI\src\COVID.cpp(30,43): warning C4305: 'argumento': truncamiento de 'double' a 'GLfloat'
  Creditos.cpp
C:\Users\Silvia\Downloads\XtremETSIDI\src\Creditos.cpp(17,33): warning C4305: 'argumento': truncamiento de 'double' a 'float'
C:\Users\Silvia\Downloads\XtremETSIDI\src\Creditos.cpp(18,31): warning C4305: 'argumento': truncamiento de 'double' a 'float'
  Interaccion.cpp
C:\Users\Silvia\Downloads\XtremETSIDI\src\Interaccion.cpp(21,26): warning C4244: '=': conversión de 'double' a 'float'; posible pérdida de datos
C:\Users\Silvia\Downloads\XtremETSIDI\src\Interaccion.cpp(27,26): warning C4244: '=': conversión de 'double' a 'float'; posible pérdida de datos
C:\Users\Silvia\Downloads\XtremETSIDI\src\Interaccion.cpp(31,26): warning C4244: '=': conversión de 'double' a 'float'; posible pérdida de datos
C:\Users\Silvia\Downloads\XtremETSIDI\src\Interaccion.cpp(39,13): warning C4244: 'inicializando': conversión de 'double' a 'float'; posible pérdida de datos
C:\Users\Silvia\Downloads\XtremETSIDI\src\Interaccion.cpp(112,5): warning C4805: '==': combinación no segura del tipo 'float' y el tipo 'bool' en la operación
C:\Users\Silvia\Downloads\XtremETSIDI\src\Interaccion.cpp(112,5): warning C4804: '<': uso no seguro del tipo 'bool' en la operación
  ListaCharcoCOVID.cpp
  ListaCharcos.cpp
  ListaCreditos.cpp
  ListaPlataformas.cpp
C:\Users\Silvia\Downloads\XtremETSIDI\src\PlataformaMovil.h(9,48): warning C4305: '=': truncamiento de 'double' a 'float'
C:\Users\Silvia\Downloads\XtremETSIDI\src\PlataformaMovil.h(10,58): warning C4305: '=': truncamiento de 'double' a 'float'
C:\Users\Silvia\Downloads\XtremETSIDI\src\ListaPlataformas.h(5,1): warning C4005: 'MAX_PLATAFORMAS': redefinición de macro
C:\Users\Silvia\Downloads\XtremETSIDI\src\Plataformas.h(4): message : vea la definición anterior de 'MAX_PLATAFORMAS'
  ListaProbetas.cpp
  ListaReglas.cpp
  Mundo.cpp
C:\Users\Silvia\Downloads\XtremETSIDI\src\PlataformaMovil.h(9,48): warning C4305: '=': truncamiento de 'double' a 'float'
C:\Users\Silvia\Downloads\XtremETSIDI\src\PlataformaMovil.h(10,58): warning C4305: '=': truncamiento de 'double' a 'float'
C:\Users\Silvia\Downloads\XtremETSIDI\src\ListaPlataformas.h(5,1): warning C4005: 'MAX_PLATAFORMAS': redefinición de macro
C:\Users\Silvia\Downloads\XtremETSIDI\src\Plataformas.h(4): message : vea la definición anterior de 'MAX_PLATAFORMAS'
  Muñeco.cpp
  Nivel.cpp
C:\Users\Silvia\Downloads\XtremETSIDI\src\PlataformaMovil.h(9,48): warning C4305: '=': truncamiento de 'double' a 'float'
C:\Users\Silvia\Downloads\XtremETSIDI\src\PlataformaMovil.h(10,58): warning C4305: '=': truncamiento de 'double' a 'float'
C:\Users\Silvia\Downloads\XtremETSIDI\src\ListaPlataformas.h(5,1): warning C4005: 'MAX_PLATAFORMAS': redefinición de macro
C:\Users\Silvia\Downloads\XtremETSIDI\src\Plataformas.h(4): message : vea la definición anterior de 'MAX_PLATAFORMAS'
  NivelCOVID.cpp
C:\Users\Silvia\Downloads\XtremETSIDI\src\PlataformaMovil.h(9,48): warning C4305: '=': truncamiento de 'double' a 'float'
C:\Users\Silvia\Downloads\XtremETSIDI\src\PlataformaMovil.h(10,58): warning C4305: '=': truncamiento de 'double' a 'float'
C:\Users\Silvia\Downloads\XtremETSIDI\src\ListaPlataformas.h(5,1): warning C4005: 'MAX_PLATAFORMAS': redefinición de macro
C:\Users\Silvia\Downloads\XtremETSIDI\src\Plataformas.h(4): message : vea la definición anterior de 'MAX_PLATAFORMAS'
  OpenGL.cpp
  Pang.cpp
C:\Users\Silvia\Downloads\XtremETSIDI\src\PlataformaMovil.h(9,48): warning C4305: '=': truncamiento de 'double' a 'float'
C:\Users\Silvia\Downloads\XtremETSIDI\src\PlataformaMovil.h(10,58): warning C4305: '=': truncamiento de 'double' a 'float'
C:\Users\Silvia\Downloads\XtremETSIDI\src\ListaPlataformas.h(5,1): warning C4005: 'MAX_PLATAFORMAS': redefinición de macro
C:\Users\Silvia\Downloads\XtremETSIDI\src\Plataformas.h(4): message : vea la definición anterior de 'MAX_PLATAFORMAS'
  PlataformaMovil.cpp
C:\Users\Silvia\Downloads\XtremETSIDI\src\PlataformaMovil.h(9,48): warning C4305: '=': truncamiento de 'double' a 'float'
C:\Users\Silvia\Downloads\XtremETSIDI\src\PlataformaMovil.h(10,58): warning C4305: '=': truncamiento de 'double' a 'float'
  Plataformas.cpp
  Probeta.cpp
  Generando código...
C:\Users\Silvia\Downloads\XtremETSIDI\src\PlataformaMovil.cpp(57): warning C4715: 'PlataformaMovil::SetCambio': no todas las rutas de acceso de control devuelven un valor
C:\Users\Silvia\Downloads\XtremETSIDI\src\Interaccion.cpp(65): warning C4715: 'Interaccion::Colision': no todas las rutas de acceso de control devuelven un valor
C:\Users\Silvia\Downloads\XtremETSIDI\src\Interaccion.cpp(93): warning C4715: 'Interaccion::Colision': no todas las rutas de acceso de control devuelven un valor
C:\Users\Silvia\Downloads\XtremETSIDI\src\Interaccion.cpp(79): warning C4715: 'Interaccion::Colision': no todas las rutas de acceso de control devuelven un valor
C:\Users\Silvia\Downloads\XtremETSIDI\src\Interaccion.cpp(108): warning C4715: 'Interaccion::Colision': no todas las rutas de acceso de control devuelven un valor
  Compilando...
  Proyectiles.cpp
  Puntuacion.cpp
  Reglas.cpp
  Suelo.cpp
  Vector2D.cpp
  Vida.cpp
  Generando código...
  Pang.vcxproj -> C:\Users\Silvia\Downloads\XtremETSIDI\bin\Pang.exe
