c:\users\andre\onedrive\documents\github\trabajo-de-informatica\xtremetsidi\xtremetsidi\tmp\debug\vc142.pdb
c:\users\andre\onedrive\documents\github\trabajo-de-informatica\xtremetsidi\xtremetsidi\tmp\debug\vc142.idb
c:\users\andre\onedrive\documents\github\trabajo-de-informatica\xtremetsidi\xtremetsidi\tmp\debug\vida.obj
c:\users\andre\onedrive\documents\github\trabajo-de-informatica\xtremetsidi\xtremetsidi\tmp\debug\vector2d.obj
c:\users\andre\onedrive\documents\github\trabajo-de-informatica\xtremetsidi\xtremetsidi\tmp\debug\suelo.obj
c:\users\andre\onedrive\documents\github\trabajo-de-informatica\xtremetsidi\xtremetsidi\tmp\debug\puntuacion.obj
c:\users\andre\onedrive\documents\github\trabajo-de-informatica\xtremetsidi\xtremetsidi\tmp\debug\proyectiles.obj
c:\users\andre\onedrive\documents\github\trabajo-de-informatica\xtremetsidi\xtremetsidi\tmp\debug\probeta.obj
c:\users\andre\onedrive\documents\github\trabajo-de-informatica\xtremetsidi\xtremetsidi\tmp\debug\plataformas.obj
c:\users\andre\onedrive\documents\github\trabajo-de-informatica\xtremetsidi\xtremetsidi\tmp\debug\pang.obj
c:\users\andre\onedrive\documents\github\trabajo-de-informatica\xtremetsidi\xtremetsidi\tmp\debug\opengl.obj
c:\users\andre\onedrive\documents\github\trabajo-de-informatica\xtremetsidi\xtremetsidi\tmp\debug\nivel.obj
c:\users\andre\onedrive\documents\github\trabajo-de-informatica\xtremetsidi\xtremetsidi\tmp\debug\muñeco.obj
c:\users\andre\onedrive\documents\github\trabajo-de-informatica\xtremetsidi\xtremetsidi\tmp\debug\mundo.obj
c:\users\andre\onedrive\documents\github\trabajo-de-informatica\xtremetsidi\xtremetsidi\tmp\debug\listaprobetas.obj
c:\users\andre\onedrive\documents\github\trabajo-de-informatica\xtremetsidi\xtremetsidi\tmp\debug\listaplataformas.obj
c:\users\andre\onedrive\documents\github\trabajo-de-informatica\xtremetsidi\xtremetsidi\tmp\debug\listacreditos.obj
c:\users\andre\onedrive\documents\github\trabajo-de-informatica\xtremetsidi\xtremetsidi\tmp\debug\listacharcos.obj
c:\users\andre\onedrive\documents\github\trabajo-de-informatica\xtremetsidi\xtremetsidi\tmp\debug\interaccion.obj
c:\users\andre\onedrive\documents\github\trabajo-de-informatica\xtremetsidi\xtremetsidi\tmp\debug\creditos.obj
c:\users\andre\onedrive\documents\github\trabajo-de-informatica\xtremetsidi\xtremetsidi\tmp\debug\charcos.obj
c:\users\andre\onedrive\documents\github\trabajo-de-informatica\xtremetsidi\xtremetsidi\bin\pang.exe
c:\users\andre\onedrive\documents\github\trabajo-de-informatica\xtremetsidi\xtremetsidi\bin\pang.ilk
c:\users\andre\onedrive\documents\github\trabajo-de-informatica\xtremetsidi\xtremetsidi\bin\pang.pdb
c:\users\andre\onedrive\documents\github\trabajo-de-informatica\xtremetsidi\xtremetsidi\tmp\debug\vc141.idb
c:\users\andre\onedrive\documents\github\trabajo-de-informatica\xtremetsidi\xtremetsidi\tmp\debug\vc141.pdb
c:\users\andre\onedrive\documents\github\trabajo-de-informatica\xtremetsidi\xtremetsidi\tmp\debug\pang.tlog\cl.command.1.tlog
c:\users\andre\onedrive\documents\github\trabajo-de-informatica\xtremetsidi\xtremetsidi\tmp\debug\pang.tlog\cl.read.1.tlog
c:\users\andre\onedrive\documents\github\trabajo-de-informatica\xtremetsidi\xtremetsidi\tmp\debug\pang.tlog\cl.write.1.tlog
c:\users\andre\onedrive\documents\github\trabajo-de-informatica\xtremetsidi\xtremetsidi\tmp\debug\pang.tlog\link.command.1.tlog
c:\users\andre\onedrive\documents\github\trabajo-de-informatica\xtremetsidi\xtremetsidi\tmp\debug\pang.tlog\link.read.1.tlog
c:\users\andre\onedrive\documents\github\trabajo-de-informatica\xtremetsidi\xtremetsidi\tmp\debug\pang.tlog\link.write.1.tlog
